TN:
SF:Record.ts
FN:85,_interopRequireDefault
FN:7,<instance_members_initializer>
FN:18,Record
FN:33,destroyRecord
FN:49,rollback
FN:59,save
FN:78,getData
FNF:7
FNH:4
FNDA:1,_interopRequireDefault
FNDA:8,<instance_members_initializer>
FNDA:8,Record
FNDA:0,destroyRecord
FNDA:1,rollback
FNDA:0,save
FNDA:0,getData
DA:1,1
DA:2,1
DA:3,1
DA:4,1
DA:5,1
DA:6,1
DA:7,1
DA:8,8
DA:9,8
DA:10,8
DA:11,1
DA:12,1
DA:13,1
DA:14,1
DA:15,1
DA:16,1
DA:17,1
DA:18,1
DA:19,8
DA:20,8
DA:21,8
DA:22,8
DA:23,8
DA:24,8
DA:25,8
DA:26,1
DA:27,1
DA:28,1
DA:29,1
DA:30,1
DA:31,1
DA:32,1
DA:33,1
DA:34,0
DA:35,0
DA:36,0
DA:37,0
DA:38,0
DA:39,0
DA:40,0
DA:41,0
DA:42,0
DA:43,1
DA:44,1
DA:45,1
DA:46,1
DA:47,1
DA:48,1
DA:49,1
DA:50,1
DA:51,1
DA:52,1
DA:53,1
DA:54,1
DA:55,1
DA:56,1
DA:57,1
DA:58,1
DA:59,1
DA:60,0
DA:61,0
DA:62,0
DA:63,0
DA:64,0
DA:65,0
DA:66,0
DA:67,0
DA:68,0
DA:69,0
DA:70,0
DA:71,1
DA:72,1
DA:73,1
DA:74,1
DA:75,1
DA:76,1
DA:77,1
DA:78,1
DA:79,0
DA:80,0
DA:81,0
DA:82,0
DA:83,0
DA:84,0
DA:85,1
LF:85
LH:59
BRDA:85,0,0,1
BRDA:85,1,0,1
BRDA:85,2,0,0
BRDA:7,3,0,8
BRDA:18,4,0,8
BRDA:49,5,0,1
BRF:6
BRH:5
end_of_record
TN:
SF:Store.ts
FN:149,_interopRequireDefault
FN:19,<instance_members_initializer>
FN:30,defineModel
FN:43,createRecord
FN:68,query
FN:90,queryRecord
FN:111,findRecord
FN:129,unloadAll
FN:139,cacheRecord
FNF:9
FNH:8
FNDA:2,_interopRequireDefault
FNDA:1,<instance_members_initializer>
FNDA:2,defineModel
FNDA:9,createRecord
FNDA:1,query
FNDA:4,queryRecord
FNDA:2,findRecord
FNDA:0,unloadAll
FNDA:7,cacheRecord
DA:1,1
DA:2,1
DA:3,1
DA:4,1
DA:5,1
DA:6,1
DA:7,1
DA:8,1
DA:9,1
DA:10,1
DA:11,1
DA:12,1
DA:13,1
DA:14,1
DA:15,1
DA:16,1
DA:17,1
DA:18,1
DA:19,1
DA:20,1
DA:21,1
DA:22,1
DA:23,1
DA:24,1
DA:25,1
DA:26,1
DA:27,1
DA:28,1
DA:29,1
DA:30,1
DA:31,2
DA:32,2
DA:33,1
DA:34,1
DA:35,1
DA:36,1
DA:37,1
DA:38,1
DA:39,1
DA:40,1
DA:41,1
DA:42,1
DA:43,1
DA:44,9
DA:45,9
DA:46,9
DA:47,1
DA:48,1
DA:49,8
DA:50,8
DA:51,17
DA:52,17
DA:53,8
DA:54,8
DA:55,8
DA:56,8
DA:57,8
DA:58,8
DA:59,1
DA:60,1
DA:61,1
DA:62,1
DA:63,1
DA:64,1
DA:65,1
DA:66,1
DA:67,1
DA:68,1
DA:69,1
DA:70,1
DA:71,1
DA:72,0
DA:73,0
DA:74,1
DA:75,1
DA:76,3
DA:77,3
DA:78,3
DA:79,3
DA:80,1
DA:81,1
DA:82,1
DA:83,1
DA:84,1
DA:85,1
DA:86,1
DA:87,1
DA:88,1
DA:89,1
DA:90,1
DA:91,4
DA:92,4
DA:93,4
DA:94,0
DA:95,0
DA:96,4
DA:97,4
DA:98,4
DA:99,4
DA:100,4
DA:101,4
DA:102,1
DA:103,1
DA:104,1
DA:105,1
DA:106,1
DA:107,1
DA:108,1
DA:109,1
DA:110,1
DA:111,1
DA:112,2
DA:113,2
DA:114,2
DA:115,2
DA:116,2
DA:117,1
DA:118,1
DA:119,1
DA:120,1
DA:121,1
DA:122,1
DA:123,1
DA:124,1
DA:125,1
DA:126,1
DA:127,1
DA:128,1
DA:129,1
DA:130,0
DA:131,0
DA:132,1
DA:133,1
DA:134,1
DA:135,1
DA:136,1
DA:137,1
DA:138,1
DA:139,1
DA:140,7
DA:141,7
DA:142,7
DA:143,2
DA:144,2
DA:145,2
DA:146,7
DA:147,7
DA:148,7
DA:149,1
LF:149
LH:143
BRDA:149,0,0,1
BRDA:149,1,0,2
BRDA:149,2,0,0
BRDA:19,3,0,1
BRDA:30,4,0,2
BRDA:43,5,0,9
BRDA:46,6,0,1
BRDA:48,7,0,8
BRDA:50,8,0,17
BRDA:51,9,0,6
BRDA:68,10,0,1
BRDA:71,11,0,0
BRDA:75,12,0,3
BRDA:90,13,0,4
BRDA:93,14,0,0
BRDA:111,15,0,2
BRDA:112,16,0,1
BRDA:116,17,0,1
BRDA:139,18,0,7
BRDA:142,19,0,2
BRF:20
BRH:17
end_of_record
TN:
SF:http.ts
FN:86,_interopRequireDefault
FN:35,get
FN:43,post
FN:51,request
FN:67,combindRequest
FNF:5
FNH:5
FNDA:2,_interopRequireDefault
FNDA:7,get
FNDA:1,post
FNDA:8,request
FNDA:3,combindRequest
DA:1,1
DA:2,1
DA:3,1
DA:4,1
DA:5,1
DA:6,1
DA:7,1
DA:8,1
DA:9,1
DA:10,1
DA:11,1
DA:12,1
DA:13,1
DA:14,1
DA:15,1
DA:16,1
DA:17,1
DA:18,1
DA:19,1
DA:20,1
DA:21,1
DA:22,1
DA:23,1
DA:24,1
DA:25,1
DA:26,1
DA:27,1
DA:28,1
DA:29,1
DA:30,1
DA:31,1
DA:32,1
DA:33,1
DA:34,1
DA:35,1
DA:36,7
DA:37,7
DA:38,7
DA:39,7
DA:40,7
DA:41,7
DA:42,7
DA:43,1
DA:44,1
DA:45,1
DA:46,1
DA:47,1
DA:48,1
DA:49,1
DA:50,1
DA:51,1
DA:52,8
DA:53,8
DA:54,6
DA:55,6
DA:56,6
DA:57,8
DA:58,8
DA:59,8
DA:60,8
DA:61,8
DA:62,3
DA:63,3
DA:64,8
DA:65,8
DA:66,8
DA:67,1
DA:68,3
DA:69,3
DA:70,3
DA:71,3
DA:72,3
DA:73,3
DA:74,3
DA:75,3
DA:76,3
DA:77,3
DA:78,3
DA:79,3
DA:80,3
DA:81,3
DA:82,1
DA:83,1
DA:84,1
DA:85,1
DA:86,1
LF:86
LH:86
BRDA:86,0,0,2
BRDA:86,1,0,2
BRDA:86,2,0,0
BRDA:17,3,0,2
BRDA:35,4,0,7
BRDA:43,5,0,1
BRDA:51,6,0,8
BRDA:52,7,0,8
BRDA:53,8,0,6
BRDA:61,9,0,3
BRDA:67,10,0,3
BRDA:69,11,0,3
BRDA:70,12,0,8
BRDA:75,13,0,8
BRF:14
BRH:13
end_of_record
